c:\users\erik\documents\visual studio 2015\cpp\pongdemo\pongdemo\debug\vc140.pdb
c:\users\erik\documents\visual studio 2015\cpp\pongdemo\pongdemo\debug\vc140.idb
c:\users\erik\documents\visual studio 2015\cpp\pongdemo\pongdemo\debug\source.obj
c:\users\erik\documents\visual studio 2015\cpp\pongdemo\pongdemo\debug\paddle.obj
c:\users\erik\documents\visual studio 2015\cpp\pongdemo\pongdemo\debug\ball.obj
c:\users\erik\documents\visual studio 2015\cpp\pongdemo\pongdemo\debug\playfield.obj
c:\users\erik\documents\visual studio 2015\cpp\pongdemo\pongdemo\debug\gameobject.obj
c:\users\erik\documents\visual studio 2015\cpp\grupp 11\grupp-11\pongdemo\pongdemo\debug\vc140.pdb
c:\users\erik\documents\visual studio 2015\cpp\grupp 11\grupp-11\pongdemo\pongdemo\debug\vc140.idb
c:\users\erik\documents\visual studio 2015\cpp\grupp 11\grupp-11\pongdemo\pongdemo\debug\ball.obj
c:\users\erik\documents\visual studio 2015\cpp\grupp 11\grupp-11\pongdemo\pongdemo\debug\gameobject.obj
c:\users\erik\documents\visual studio 2015\cpp\grupp 11\grupp-11\pongdemo\pongdemo\debug\paddle.obj
c:\users\erik\documents\visual studio 2015\cpp\grupp 11\grupp-11\pongdemo\pongdemo\debug\playfield.obj
c:\users\erik\documents\visual studio 2015\cpp\grupp 11\grupp-11\pongdemo\pongdemo\debug\source.obj
c:\users\erik\documents\visual studio 2015\cpp\grupp 11\grupp-11\pongdemo\pongdemo\debug\gamestate.obj
c:\users\erik\documents\visual studio 2015\cpp\grupp 11\grupp-11\pongdemo\pongdemo\debug\fps_helper.obj
c:\users\erik\documents\visual studio 2015\cpp\grupp 11\grupp-11\pongdemo\pongdemo\debug\ponggame.obj
c:\users\erik\documents\visual studio 2015\cpp\grupp 11\grupp-11\pongdemo\pongdemo\debug\renderer.obj
c:\users\erik\documents\visual studio 2015\cpp\grupp 11\grupp-11\pongdemo\pongdemo\debug\window.obj
c:\users\erik\documents\visual studio 2015\cpp\grupp 11\grupp-11\pongdemo\pongdemo\debug\sdl_system.obj
c:\users\erik\documents\visual studio 2015\cpp\grupp 11\grupp-11\pongdemo\pongdemo\debug\text.obj
c:\users\erik\documents\visual studio 2015\cpp\grupp 11\grupp-11\pongdemo\pongdemo\debug\font.obj
c:\users\erik\documents\visual studio 2015\cpp\grupp 11\grupp-11\pongdemo\pongdemo\debug\score.obj
c:\users\erik\documents\visual studio 2015\cpp\grupp 11\grupp-11\pongdemo\pongdemo\debug\fps_limiter.obj
c:\users\erik\documents\visual studio 2015\cpp\pongdemo\debug\pongdemo.ilk
c:\users\erik\documents\visual studio 2015\cpp\pongdemo\debug\pongdemo.exe
c:\users\erik\documents\visual studio 2015\cpp\pongdemo\debug\pongdemo.pdb
c:\users\erik\documents\visual studio 2015\cpp\grupp 11\grupp-11\pongdemo\debug\pongdemo.ilk
c:\users\erik\documents\visual studio 2015\cpp\grupp 11\grupp-11\pongdemo\debug\pongdemo.exe
c:\users\erik\documents\visual studio 2015\cpp\grupp 11\grupp-11\pongdemo\debug\pongdemo.pdb
c:\users\erik\documents\visual studio 2015\cpp\grupp 11\grupp-11\pongdemo\pongdemo\debug\text.obj.enc
c:\users\erik\documents\visual studio 2015\cpp\grupp 11\grupp-11\pongdemo\pongdemo\debug\pongdemo.tlog\cl.command.1.tlog
c:\users\erik\documents\visual studio 2015\cpp\grupp 11\grupp-11\pongdemo\pongdemo\debug\pongdemo.tlog\cl.read.1.tlog
c:\users\erik\documents\visual studio 2015\cpp\grupp 11\grupp-11\pongdemo\pongdemo\debug\pongdemo.tlog\cl.write.1.tlog
c:\users\erik\documents\visual studio 2015\cpp\grupp 11\grupp-11\pongdemo\pongdemo\debug\pongdemo.tlog\link.command.1.tlog
c:\users\erik\documents\visual studio 2015\cpp\grupp 11\grupp-11\pongdemo\pongdemo\debug\pongdemo.tlog\link.read.1.tlog
c:\users\erik\documents\visual studio 2015\cpp\grupp 11\grupp-11\pongdemo\pongdemo\debug\pongdemo.tlog\link.write.1.tlog
