c:\users\erik\documents\visual studio 2015\cpp\grupp 11\grupp-11\arkanoid\arkanoid\debug\vc140.pdb
c:\users\erik\documents\visual studio 2015\cpp\grupp 11\grupp-11\arkanoid\arkanoid\debug\vc140.idb
c:\users\erik\documents\visual studio 2015\cpp\grupp 11\grupp-11\arkanoid\arkanoid\debug\arkanoidgame.obj
c:\users\erik\documents\visual studio 2015\cpp\grupp 11\grupp-11\arkanoid\arkanoid\debug\ball.obj
c:\users\erik\documents\visual studio 2015\cpp\grupp 11\grupp-11\arkanoid\arkanoid\debug\brick.obj
c:\users\erik\documents\visual studio 2015\cpp\grupp 11\grupp-11\arkanoid\arkanoid\debug\entity.obj
c:\users\erik\documents\visual studio 2015\cpp\grupp 11\grupp-11\arkanoid\arkanoid\debug\inputmanager.obj
c:\users\erik\documents\visual studio 2015\cpp\grupp 11\grupp-11\arkanoid\arkanoid\debug\main.obj
c:\users\erik\documents\visual studio 2015\cpp\grupp 11\grupp-11\arkanoid\arkanoid\debug\paddle.obj
c:\users\erik\documents\visual studio 2015\cpp\grupp 11\grupp-11\arkanoid\arkanoid\debug\renderer.obj
c:\users\erik\documents\visual studio 2015\cpp\grupp 11\grupp-11\arkanoid\arkanoid\debug\sdlsystem.obj
c:\users\erik\documents\visual studio 2015\cpp\grupp 11\grupp-11\arkanoid\arkanoid\debug\window.obj
c:\users\erik\documents\visual studio 2015\cpp\grupp 11\grupp-11\arkanoid\arkanoid\debug\fps_limiter.obj
c:\users\erik\documents\visual studio 2015\cpp\grupp 11\grupp-11\arkanoid\arkanoid\debug\gamemessage.obj
c:\users\erik\documents\visual studio 2015\cpp\grupp 11\grupp-11\arkanoid\arkanoid\debug\gamesession.obj
c:\users\erik\documents\visual studio 2015\cpp\grupp 11\grupp-11\arkanoid\debug\arkanoid.ilk
c:\users\erik\documents\visual studio 2015\cpp\grupp 11\grupp-11\arkanoid\debug\arkanoid.exe
c:\users\erik\documents\visual studio 2015\cpp\grupp 11\grupp-11\arkanoid\debug\arkanoid.pdb
c:\users\erik\documents\visual studio 2015\cpp\grupp 11\grupp-11\arkanoid\arkanoid\debug\arkanoid.tlog\cl.command.1.tlog
c:\users\erik\documents\visual studio 2015\cpp\grupp 11\grupp-11\arkanoid\arkanoid\debug\arkanoid.tlog\cl.read.1.tlog
c:\users\erik\documents\visual studio 2015\cpp\grupp 11\grupp-11\arkanoid\arkanoid\debug\arkanoid.tlog\cl.write.1.tlog
c:\users\erik\documents\visual studio 2015\cpp\grupp 11\grupp-11\arkanoid\arkanoid\debug\arkanoid.tlog\link.command.1.tlog
c:\users\erik\documents\visual studio 2015\cpp\grupp 11\grupp-11\arkanoid\arkanoid\debug\arkanoid.tlog\link.read.1.tlog
c:\users\erik\documents\visual studio 2015\cpp\grupp 11\grupp-11\arkanoid\arkanoid\debug\arkanoid.tlog\link.write.1.tlog
